==30042== Memcheck, a memory error detector
==30042== Copyright (C) 2002-2024, and GNU GPL'd, by Julian Seward et al.
==30042== Using Valgrind-3.23.0 and LibVEX; rerun with -h for copyright info
==30042== Command: ./minishell
==30042== Parent PID: 26954
==30042== 
==30101== 
==30101== HEAP SUMMARY:
==30101==     in use at exit: 228,723 bytes in 236 blocks
==30101==   total heap usage: 1,267 allocs, 1,031 frees, 266,095 bytes allocated
==30101== 
==30101== LEAK SUMMARY:
==30101==    definitely lost: 0 bytes in 0 blocks
==30101==    indirectly lost: 0 bytes in 0 blocks
==30101==      possibly lost: 0 bytes in 0 blocks
==30101==    still reachable: 0 bytes in 0 blocks
==30101==         suppressed: 228,723 bytes in 236 blocks
==30101== 
==30101== For lists of detected and suppressed errors, rerun with: -s
==30101== ERROR SUMMARY: 0 errors from 0 contexts (suppressed: 0 from 0)
==30042== 
==30042== HEAP SUMMARY:
==30042==     in use at exit: 228,723 bytes in 236 blocks
==30042==   total heap usage: 1,272 allocs, 1,036 frees, 266,152 bytes allocated
==30042== 
==30042== LEAK SUMMARY:
==30042==    definitely lost: 0 bytes in 0 blocks
==30042==    indirectly lost: 0 bytes in 0 blocks
==30042==      possibly lost: 0 bytes in 0 blocks
==30042==    still reachable: 0 bytes in 0 blocks
==30042==         suppressed: 228,723 bytes in 236 blocks
==30042== 
==30042== For lists of detected and suppressed errors, rerun with: -s
==30042== ERROR SUMMARY: 0 errors from 0 contexts (suppressed: 0 from 0)
